<?xml version="1.0" encoding="UTF-8"?>
<robot generator="Robot 7.4.2 (Python 3.14.3 on darwin)" generated="2026-03-09T21:55:56.462631" rpa="false" schemaversion="5">
<suite id="s1" name="openWebsite" source="/Users/karen/RobotFramework_Demo1/automation/openWebsite.robot">
<test id="s1-t1" name="CoffeeCartWebsite" line="13">
<kw name="Open Browser" owner="SeleniumLibrary">
<msg time="2026-03-09T21:55:56.520712" level="INFO">Opening browser 'Chrome' to base url 'https://coffee-cart.app'.</msg>
<arg>${url}</arg>
<arg>${browser}</arg>
<doc>Opens a new browser instance to the optional ``url``.</doc>
<status status="PASS" start="2026-03-09T21:55:56.520582" elapsed="1.336317"/>
</kw>
<kw name="Maximize Browser Window" owner="SeleniumLibrary">
<doc>Maximizes current browser window.</doc>
<status status="PASS" start="2026-03-09T21:55:57.857442" elapsed="0.344336"/>
</kw>
<kw name="Set Selenium Implicit Wait" owner="SeleniumLibrary">
<arg>${time}</arg>
<doc>Sets the implicit wait value used by Selenium.</doc>
<status status="PASS" start="2026-03-09T21:55:58.201994" elapsed="0.000841"/>
</kw>
<kw name="AddCoffeeAndCheckout">
<kw name="Click Element" owner="SeleniumLibrary">
<msg time="2026-03-09T21:55:58.203640" level="INFO">Clicking element 'xpath=//div[@data-test='Espresso_Macchiato']'.</msg>
<arg>${espresso_machiatoxpath}</arg>
<doc>Click the element identified by ``locator``.</doc>
<status status="PASS" start="2026-03-09T21:55:58.203368" elapsed="0.032921"/>
</kw>
<kw name="Click Button" owner="SeleniumLibrary">
<msg time="2026-03-09T21:55:58.236578" level="INFO">Clicking button 'class:pay'.</msg>
<arg>class:pay</arg>
<doc>Clicks the button identified by ``locator``.</doc>
<status status="PASS" start="2026-03-09T21:55:58.236422" elapsed="0.031366"/>
</kw>
<status status="PASS" start="2026-03-09T21:55:58.203102" elapsed="0.064759"/>
</kw>
<kw name="Close Browser" owner="SeleniumLibrary" type="TEARDOWN">
<doc>Closes the current browser.</doc>
<status status="PASS" start="2026-03-09T21:55:58.268024" elapsed="0.071903"/>
</kw>
<status status="PASS" start="2026-03-09T21:55:56.520119" elapsed="1.819900"/>
</test>
<status status="PASS" start="2026-03-09T21:55:56.463195" elapsed="1.877116"/>
</suite>
<statistics>
<total>
<stat pass="1" fail="0" skip="0">All Tests</stat>
</total>
<tag>
</tag>
<suite>
<stat name="openWebsite" id="s1" pass="1" fail="0" skip="0">openWebsite</stat>
</suite>
</statistics>
<errors>
</errors>
</robot>
