<?xml version="1.0" encoding="UTF-8"?>
<robot generator="Robot 7.4.2 (Python 3.14.3 on darwin)" generated="2026-03-29T10:41:58.535609" rpa="false" schemaversion="5">
<suite id="s1" name="ItineraTests" source="/Users/karen/RobotFramework_Demo1/automation/ItineraTests">
<suite id="s1-s1" name="ItineraLogin" source="/Users/karen/RobotFramework_Demo1/automation/ItineraTests/ItineraLogin.robot">
<test id="s1-s1-t1" name="Test All Users1" line="34">
<kw name="LoginItinera">
<kw name="Open the url">
<kw name="Open Browser" owner="SeleniumLibrary">
<msg time="2026-03-29T10:41:58.733697" level="INFO">Opening browser 'headlesschrome' to base url 'about:blank'.</msg>
<arg>about:blank</arg>
<arg>${browser}</arg>
<arg>options=add_argument("--window-size=1920,1080")</arg>
<doc>Opens a new browser instance to the optional ``url``.</doc>
<status status="PASS" start="2026-03-29T10:41:58.733477" elapsed="2.640878"/>
</kw>
<kw name="Go To" owner="SeleniumLibrary">
<msg time="2026-03-29T10:42:01.375802" level="INFO">Opening url 'https://www.theitinera.app/LoginPage'</msg>
<arg>https://www.theitinera.app/LoginPage</arg>
<doc>Navigates the current browser window to the provided ``url``.</doc>
<status status="PASS" start="2026-03-29T10:42:01.375115" elapsed="3.449027"/>
</kw>
<status status="PASS" start="2026-03-29T10:41:58.732844" elapsed="6.091524"/>
</kw>
<kw name="LoginOnly">
<kw name="Wait Until Element Is Visible" owner="SeleniumLibrary">
<arg>${email_locator}</arg>
<arg>10s</arg>
<doc>Waits until the element ``locator`` is visible.</doc>
<status status="PASS" start="2026-03-29T10:42:04.825135" elapsed="0.018994"/>
</kw>
<kw name="Input Text" owner="SeleniumLibrary">
<msg time="2026-03-29T10:42:04.844475" level="INFO">Typing text 'kcadavos@gmail.com' into text field 'xpath=//div[@id="login-desktop"]//input[@id="email-input"]'.</msg>
<arg>${email_locator}</arg>
<arg>${username}</arg>
<doc>Types the given ``text`` into the text field identified by ``locator``.</doc>
<status status="PASS" start="2026-03-29T10:42:04.844268" elapsed="0.134919"/>
</kw>
<kw name="Wait Until Element Is Visible" owner="SeleniumLibrary">
<arg>${password_locator}</arg>
<arg>10s</arg>
<doc>Waits until the element ``locator`` is visible.</doc>
<status status="PASS" start="2026-03-29T10:42:04.979344" elapsed="0.012006"/>
</kw>
<kw name="Input Text" owner="SeleniumLibrary">
<msg time="2026-03-29T10:42:04.991707" level="INFO">Typing text '123' into text field 'xpath=//div[@id="login-desktop"]//input[@id="password-input"]'.</msg>
<arg>${password_locator}</arg>
<arg>${password}</arg>
<doc>Types the given ``text`` into the text field identified by ``locator``.</doc>
<status status="PASS" start="2026-03-29T10:42:04.991483" elapsed="0.041897"/>
</kw>
<kw name="Wait Until Element Is Enabled" owner="SeleniumLibrary">
<arg>${loginbtn_locator}</arg>
<arg>10s</arg>
<doc>Waits until the element ``locator`` is enabled.</doc>
<status status="PASS" start="2026-03-29T10:42:05.033525" elapsed="0.014183"/>
</kw>
<kw name="Click Button" owner="SeleniumLibrary">
<msg time="2026-03-29T10:42:05.048030" level="INFO">Clicking button 'xpath=//div[@id="login-desktop"]//button[@id="login-btn"]'.</msg>
<arg>${loginbtn_locator}</arg>
<doc>Clicks the button identified by ``locator``.</doc>
<status status="PASS" start="2026-03-29T10:42:05.047843" elapsed="0.044322"/>
</kw>
<arg>${user}[username]</arg>
<arg>${user}[password]</arg>
<status status="PASS" start="2026-03-29T10:42:04.824660" elapsed="0.267605"/>
</kw>
<kw name="Verify Login Successful">
<kw name="Wait Until Element Is Visible" owner="SeleniumLibrary">
<arg>id:greetingname-desktop</arg>
<arg>10s</arg>
<doc>Waits until the element ``locator`` is visible.</doc>
<status status="PASS" start="2026-03-29T10:42:05.092665" elapsed="1.081501"/>
</kw>
<kw name="Get Text" owner="SeleniumLibrary">
<msg time="2026-03-29T10:42:06.187003" level="INFO">${userInUI} = Karen Two</msg>
<var>${userInUI}</var>
<arg>id:greetingname-desktop</arg>
<doc>Returns the text value of the element identified by ``locator``.</doc>
<status status="PASS" start="2026-03-29T10:42:06.174323" elapsed="0.012715"/>
</kw>
<kw name="Should Be Equal" owner="BuiltIn">
<arg>${userInUI}</arg>
<arg>${user}[name]</arg>
<doc>Fails if the given objects are unequal.</doc>
<status status="PASS" start="2026-03-29T10:42:06.187195" elapsed="0.000404"/>
</kw>
<arg>${user}</arg>
<status status="PASS" start="2026-03-29T10:42:05.092415" elapsed="1.095241"/>
</kw>
<kw name="Close Browser" owner="SeleniumLibrary">
<doc>Closes the current browser.</doc>
<status status="PASS" start="2026-03-29T10:42:06.187730" elapsed="0.085039"/>
</kw>
<arg>${User1}</arg>
<status status="PASS" start="2026-03-29T10:41:58.732510" elapsed="7.540355"/>
</kw>
<kw name="LoginItinera">
<kw name="Open the url">
<kw name="Open Browser" owner="SeleniumLibrary">
<msg time="2026-03-29T10:42:06.273616" level="INFO">Opening browser 'headlesschrome' to base url 'about:blank'.</msg>
<arg>about:blank</arg>
<arg>${browser}</arg>
<arg>options=add_argument("--window-size=1920,1080")</arg>
<doc>Opens a new browser instance to the optional ``url``.</doc>
<status status="PASS" start="2026-03-29T10:42:06.273436" elapsed="0.797129"/>
</kw>
<kw name="Go To" owner="SeleniumLibrary">
<msg time="2026-03-29T10:42:07.071146" level="INFO">Opening url 'https://www.theitinera.app/LoginPage'</msg>
<arg>https://www.theitinera.app/LoginPage</arg>
<doc>Navigates the current browser window to the provided ``url``.</doc>
<status status="PASS" start="2026-03-29T10:42:07.070950" elapsed="1.908020"/>
</kw>
<status status="PASS" start="2026-03-29T10:42:06.273273" elapsed="2.705894"/>
</kw>
<kw name="LoginOnly">
<kw name="Wait Until Element Is Visible" owner="SeleniumLibrary">
<arg>${email_locator}</arg>
<arg>10s</arg>
<doc>Waits until the element ``locator`` is visible.</doc>
<status status="PASS" start="2026-03-29T10:42:08.979983" elapsed="0.016684"/>
</kw>
<kw name="Input Text" owner="SeleniumLibrary">
<msg time="2026-03-29T10:42:08.997008" level="INFO">Typing text 'karencadavos@gmail.com' into text field 'xpath=//div[@id="login-desktop"]//input[@id="email-input"]'.</msg>
<arg>${email_locator}</arg>
<arg>${username}</arg>
<doc>Types the given ``text`` into the text field identified by ``locator``.</doc>
<status status="PASS" start="2026-03-29T10:42:08.996800" elapsed="0.124350"/>
</kw>
<kw name="Wait Until Element Is Visible" owner="SeleniumLibrary">
<arg>${password_locator}</arg>
<arg>10s</arg>
<doc>Waits until the element ``locator`` is visible.</doc>
<status status="PASS" start="2026-03-29T10:42:09.121298" elapsed="0.011335"/>
</kw>
<kw name="Input Text" owner="SeleniumLibrary">
<msg time="2026-03-29T10:42:09.132943" level="INFO">Typing text '123' into text field 'xpath=//div[@id="login-desktop"]//input[@id="password-input"]'.</msg>
<arg>${password_locator}</arg>
<arg>${password}</arg>
<doc>Types the given ``text`` into the text field identified by ``locator``.</doc>
<status status="PASS" start="2026-03-29T10:42:09.132756" elapsed="0.041353"/>
</kw>
<kw name="Wait Until Element Is Enabled" owner="SeleniumLibrary">
<arg>${loginbtn_locator}</arg>
<arg>10s</arg>
<doc>Waits until the element ``locator`` is enabled.</doc>
<status status="PASS" start="2026-03-29T10:42:09.174298" elapsed="0.014938"/>
</kw>
<kw name="Click Button" owner="SeleniumLibrary">
<msg time="2026-03-29T10:42:09.189576" level="INFO">Clicking button 'xpath=//div[@id="login-desktop"]//button[@id="login-btn"]'.</msg>
<arg>${loginbtn_locator}</arg>
<doc>Clicks the button identified by ``locator``.</doc>
<status status="PASS" start="2026-03-29T10:42:09.189379" elapsed="0.045666"/>
</kw>
<arg>${user}[username]</arg>
<arg>${user}[password]</arg>
<status status="PASS" start="2026-03-29T10:42:08.979478" elapsed="0.255660"/>
</kw>
<kw name="Verify Login Successful">
<kw name="Wait Until Element Is Visible" owner="SeleniumLibrary">
<arg>id:greetingname-desktop</arg>
<arg>10s</arg>
<doc>Waits until the element ``locator`` is visible.</doc>
<status status="PASS" start="2026-03-29T10:42:09.235525" elapsed="1.070214"/>
</kw>
<kw name="Get Text" owner="SeleniumLibrary">
<msg time="2026-03-29T10:42:10.318359" level="INFO">${userInUI} = Karen Anne</msg>
<var>${userInUI}</var>
<arg>id:greetingname-desktop</arg>
<doc>Returns the text value of the element identified by ``locator``.</doc>
<status status="PASS" start="2026-03-29T10:42:10.305890" elapsed="0.012541"/>
</kw>
<kw name="Should Be Equal" owner="BuiltIn">
<arg>${userInUI}</arg>
<arg>${user}[name]</arg>
<doc>Fails if the given objects are unequal.</doc>
<status status="PASS" start="2026-03-29T10:42:10.318569" elapsed="0.000433"/>
</kw>
<arg>${user}</arg>
<status status="PASS" start="2026-03-29T10:42:09.235286" elapsed="1.083776"/>
</kw>
<kw name="Close Browser" owner="SeleniumLibrary">
<doc>Closes the current browser.</doc>
<status status="PASS" start="2026-03-29T10:42:10.319138" elapsed="0.083513"/>
</kw>
<arg>${User2}</arg>
<status status="PASS" start="2026-03-29T10:42:06.273029" elapsed="4.129724"/>
</kw>
<status status="PASS" start="2026-03-29T10:41:58.731967" elapsed="11.670932"/>
</test>
<doc>This is the test suite for Itinera Login functionality.</doc>
<status status="PASS" start="2026-03-29T10:41:58.577439" elapsed="11.825895"/>
</suite>
<status status="PASS" start="2026-03-29T10:41:58.537391" elapsed="11.866383"/>
</suite>
<statistics>
<total>
<stat pass="1" fail="0" skip="0">All Tests</stat>
</total>
<tag>
</tag>
<suite>
<stat name="ItineraTests" id="s1" pass="1" fail="0" skip="0">ItineraTests</stat>
<stat name="ItineraLogin" id="s1-s1" pass="1" fail="0" skip="0">ItineraTests.ItineraLogin</stat>
</suite>
</statistics>
<errors>
</errors>
</robot>
