<?xml version="1.0" encoding="UTF-8"?>
<robot generator="Robot 7.4.2 (Python 3.14.3 on darwin)" generated="2026-03-29T10:38:27.370787" rpa="false" schemaversion="5">
<suite id="s1" name="ItineraTests" source="/Users/karen/RobotFramework_Demo1/automation/ItineraTests">
<suite id="s1-s1" name="API ItineraLogin" source="/Users/karen/RobotFramework_Demo1/automation/ItineraTests/API_ItineraLogin.robot">
<test id="s1-s1-t1" name="Login Test" line="12">
<kw name="Get Token">
<kw name="Create Dictionary" owner="BuiltIn">
<msg time="2026-03-29T10:38:27.520104" level="INFO">&amp;{req_body} = { email=karencadavos@gmail.com | password=123 }</msg>
<var>&amp;{req_body}</var>
<arg>email=${USERNAME}</arg>
<arg>password=${PASSWORD}</arg>
<doc>Creates and returns a dictionary based on the given ``items``.</doc>
<status status="PASS" start="2026-03-29T10:38:27.518950" elapsed="0.001198"/>
</kw>
<kw name="POST" owner="RequestsLibrary">
<msg time="2026-03-29T10:38:28.669017" level="INFO">POST Request : url=https://itineraioapi-ebdthgaebndcddam.westus2-01.azurewebsites.net/User/Login 
 path_url=/User/Login 
 headers={'User-Agent': 'python-requests/2.33.0', 'Accept-Encoding': 'gzip, deflate, zstd', 'Accept': '*/*', 'Connection': 'keep-alive', 'Content-Length': '54', 'Content-Type': 'application/json'} 
 body=b'{"email": "karencadavos@gmail.com", "password": "123"}' 
 </msg>
<msg time="2026-03-29T10:38:28.669136" level="INFO">POST Response : url=https://itineraioapi-ebdthgaebndcddam.westus2-01.azurewebsites.net/User/Login 
 status=200, reason=OK 
 headers={'Content-Type': 'application/json; charset=utf-8', 'Date': 'Sun, 29 Mar 2026 17:38:28 GMT', 'Server': 'Microsoft-IIS/10.0', 'Content-Encoding': 'gzip', 'Set-Cookie': 'ARRAffinity=22a7daa836b64a8ce56c907737553d08297ff2e76cd06a1f52c29956b9a85c17;Path=/;HttpOnly;Secure;Domain=itineraioapi-ebdthgaebndcddam.westus2-01.azurewebsites.net, ARRAffinitySameSite=22a7daa836b64a8ce56c907737553d08297ff2e76cd06a1f52c29956b9a85c17;Path=/;HttpOnly;SameSite=None;Secure;Domain=itineraioapi-ebdthgaebndcddam.westus2-01.azurewebsites.net', 'Transfer-Encoding': 'chunked', 'Vary': 'Accept-Encoding', 'X-Powered-By': 'ASP.NET'} 
 body={"token":"eyJhbGciOiJIUzI1NiIsInR5cCI6IkpXVCJ9.eyJleHAiOjE3NzQ4MDk1MDgsImlzcyI6Imh0dHBzOi8vaXRpbmVyYWlvYXBpLWNxYXBnc2djYnNjaGM3aHUud2VzdHVzLTAxLmF6dXJld2Vic2l0ZXMubmV0LyIsImF1ZCI6Imh0dHBzOi8vaXRpbmVyYWlvYXBpLWNxYXBnc2djYnNjaGM3aHUud2VzdHVzLTAxLmF6dXJld2Vic2l0ZXMubmV0LyJ9.FLhmtENNLudQZn3rCF62NyqAr87zTVYEWRg2CiPJv8A"} 
 </msg>
<msg time="2026-03-29T10:38:28.669286" level="INFO">${response} = &lt;Response [200]&gt;</msg>
<var>${response}</var>
<arg>${BASE_URL}${LoginEndpoint}</arg>
<arg>json=&amp;{req_body}</arg>
<arg>expected_status=200</arg>
<doc>Sends a POST request.</doc>
<status status="PASS" start="2026-03-29T10:38:27.520278" elapsed="1.149030"/>
</kw>
<kw name="Should Not Be Empty" owner="BuiltIn">
<msg time="2026-03-29T10:38:28.670173" level="INFO">Length is 1.</msg>
<arg>${response.json()}</arg>
<doc>Verifies that the given item is not empty.</doc>
<status status="PASS" start="2026-03-29T10:38:28.669439" elapsed="0.000772"/>
</kw>
<arg>${USERNAME}</arg>
<arg>${PASSWORD}</arg>
<status status="PASS" start="2026-03-29T10:38:27.518356" elapsed="1.151914"/>
</kw>
<status status="PASS" start="2026-03-29T10:38:27.517808" elapsed="1.152547"/>
</test>
<test id="s1-s1-t2" name="User Info" line="15">
<kw name="Get User Name">
<kw name="GET" owner="RequestsLibrary">
<msg time="2026-03-29T10:38:29.047076" level="INFO">GET Request : url=https://itineraioapi-ebdthgaebndcddam.westus2-01.azurewebsites.net/User/GetUserInfoByEmail/karencadavos@gmail.com 
 path_url=/User/GetUserInfoByEmail/karencadavos@gmail.com 
 headers={'User-Agent': 'python-requests/2.33.0', 'Accept-Encoding': 'gzip, deflate, zstd', 'Accept': '*/*', 'Connection': 'keep-alive'} 
 body=None 
 </msg>
<msg time="2026-03-29T10:38:29.047151" level="INFO">GET Response : url=https://itineraioapi-ebdthgaebndcddam.westus2-01.azurewebsites.net/User/GetUserInfoByEmail/karencadavos@gmail.com 
 status=200, reason=OK 
 headers={'Content-Type': 'application/json; charset=utf-8', 'Date': 'Sun, 29 Mar 2026 17:38:28 GMT', 'Server': 'Microsoft-IIS/10.0', 'Content-Encoding': 'gzip', 'Set-Cookie': 'ARRAffinity=22a7daa836b64a8ce56c907737553d08297ff2e76cd06a1f52c29956b9a85c17;Path=/;HttpOnly;Secure;Domain=itineraioapi-ebdthgaebndcddam.westus2-01.azurewebsites.net, ARRAffinitySameSite=22a7daa836b64a8ce56c907737553d08297ff2e76cd06a1f52c29956b9a85c17;Path=/;HttpOnly;SameSite=None;Secure;Domain=itineraioapi-ebdthgaebndcddam.westus2-01.azurewebsites.net', 'Transfer-Encoding': 'chunked', 'Vary': 'Accept-Encoding', 'X-Powered-By': 'ASP.NET'} 
 body={"id":1,"email":"karencadavos@gmail.com","name":"Karen Anne"} 
 </msg>
<msg time="2026-03-29T10:38:29.047275" level="INFO">${response} = &lt;Response [200]&gt;</msg>
<var>${response}</var>
<arg>${BASE_URL}User/GetUserInfoByEmail/${USERNAME}</arg>
<arg>expected_status=200</arg>
<doc>Sends a GET request.</doc>
<status status="PASS" start="2026-03-29T10:38:28.670980" elapsed="0.376314"/>
</kw>
<kw name="Set Variable" owner="BuiltIn">
<msg time="2026-03-29T10:38:29.047988" level="INFO">${data} = {'id': 1, 'email': 'karencadavos@gmail.com', 'name': 'Karen Anne'}</msg>
<var>${data}</var>
<arg>${response.json()}</arg>
<doc>Returns the given values which can then be assigned to a variables.</doc>
<status status="PASS" start="2026-03-29T10:38:29.047409" elapsed="0.000599"/>
</kw>
<return>
<value>${data}[name]</value>
<status status="PASS" start="2026-03-29T10:38:29.048051" elapsed="0.000047"/>
</return>
<msg time="2026-03-29T10:38:29.048205" level="INFO">${namefromAPI} = Karen Anne</msg>
<var>${namefromAPI}</var>
<arg>${USERNAME}</arg>
<status status="PASS" start="2026-03-29T10:38:28.670783" elapsed="0.377436"/>
</kw>
<kw name="Log To Console" owner="BuiltIn">
<arg>${namefromAPI}</arg>
<doc>Logs the given message to the console.</doc>
<status status="PASS" start="2026-03-29T10:38:29.048288" elapsed="0.000185"/>
</kw>
<kw name="Compare API And UI Value">
<kw name="Should Be Equal" owner="BuiltIn">
<arg>${api_value}</arg>
<arg>${ui_value}</arg>
<doc>Fails if the given objects are unequal.</doc>
<status status="PASS" start="2026-03-29T10:38:29.048855" elapsed="0.000283"/>
</kw>
<arg>${namefromAPI}</arg>
<arg>Karen Anne</arg>
<status status="PASS" start="2026-03-29T10:38:29.048574" elapsed="0.000612"/>
</kw>
<status status="PASS" start="2026-03-29T10:38:28.670502" elapsed="0.378760"/>
</test>
<status status="PASS" start="2026-03-29T10:38:27.401858" elapsed="1.647674"/>
</suite>
<status status="PASS" start="2026-03-29T10:38:27.372306" elapsed="1.677521"/>
</suite>
<statistics>
<total>
<stat pass="2" fail="0" skip="0">All Tests</stat>
</total>
<tag>
</tag>
<suite>
<stat name="ItineraTests" id="s1" pass="2" fail="0" skip="0">ItineraTests</stat>
<stat name="API ItineraLogin" id="s1-s1" pass="2" fail="0" skip="0">ItineraTests.API ItineraLogin</stat>
</suite>
</statistics>
<errors>
</errors>
</robot>
