<?xml version="1.0" encoding="UTF-8"?>
<robot generator="Robot 7.4.2 (Python 3.14.3 on darwin)" generated="2026-03-29T10:38:27.366217" rpa="false" schemaversion="5">
<suite id="s1" name="ItineraTests" source="/Users/karen/RobotFramework_Demo1/automation/ItineraTests">
<suite id="s1-s1" name="ItineraLogin" source="/Users/karen/RobotFramework_Demo1/automation/ItineraTests/ItineraLogin.robot">
<test id="s1-s1-t1" name="Test All Users1" line="34">
<kw name="LoginItinera">
<kw name="Open the url">
<kw name="Open Browser" owner="SeleniumLibrary">
<msg time="2026-03-29T10:38:27.579447" level="INFO">Opening browser 'headlesschrome' to base url 'about:blank'.</msg>
<arg>about:blank</arg>
<arg>${browser}</arg>
<arg>options=add_argument("--window-size=1920,1080")</arg>
<doc>Opens a new browser instance to the optional ``url``.</doc>
<status status="PASS" start="2026-03-29T10:38:27.578974" elapsed="1.395307"/>
</kw>
<kw name="Go To" owner="SeleniumLibrary">
<msg time="2026-03-29T10:38:28.974855" level="INFO">Opening url 'https://www.theitinera.app/LoginPage'</msg>
<arg>https://www.theitinera.app/LoginPage</arg>
<doc>Navigates the current browser window to the provided ``url``.</doc>
<status status="PASS" start="2026-03-29T10:38:28.974660" elapsed="1.300730"/>
</kw>
<status status="PASS" start="2026-03-29T10:38:27.577525" elapsed="2.698046"/>
</kw>
<kw name="LoginOnly">
<kw name="Wait Until Element Is Visible" owner="SeleniumLibrary">
<arg>${email_locator}</arg>
<arg>10s</arg>
<doc>Waits until the element ``locator`` is visible.</doc>
<status status="PASS" start="2026-03-29T10:38:30.277406" elapsed="0.020126"/>
</kw>
<kw name="Input Text" owner="SeleniumLibrary">
<msg time="2026-03-29T10:38:30.297905" level="INFO">Typing text 'kcadavos@gmail.com' into text field 'xpath=//div[@id="login-desktop"]//input[@id="email-input"]'.</msg>
<arg>${email_locator}</arg>
<arg>${username}</arg>
<doc>Types the given ``text`` into the text field identified by ``locator``.</doc>
<status status="PASS" start="2026-03-29T10:38:30.297680" elapsed="0.125041"/>
</kw>
<kw name="Wait Until Element Is Visible" owner="SeleniumLibrary">
<arg>${password_locator}</arg>
<arg>10s</arg>
<doc>Waits until the element ``locator`` is visible.</doc>
<status status="PASS" start="2026-03-29T10:38:30.422876" elapsed="0.011042"/>
</kw>
<kw name="Input Text" owner="SeleniumLibrary">
<msg time="2026-03-29T10:38:30.434224" level="INFO">Typing text '123' into text field 'xpath=//div[@id="login-desktop"]//input[@id="password-input"]'.</msg>
<arg>${password_locator}</arg>
<arg>${password}</arg>
<doc>Types the given ``text`` into the text field identified by ``locator``.</doc>
<status status="PASS" start="2026-03-29T10:38:30.434041" elapsed="0.040181"/>
</kw>
<kw name="Wait Until Element Is Enabled" owner="SeleniumLibrary">
<arg>${loginbtn_locator}</arg>
<arg>10s</arg>
<doc>Waits until the element ``locator`` is enabled.</doc>
<status status="PASS" start="2026-03-29T10:38:30.474360" elapsed="0.014701"/>
</kw>
<kw name="Click Button" owner="SeleniumLibrary">
<msg time="2026-03-29T10:38:30.489416" level="INFO">Clicking button 'xpath=//div[@id="login-desktop"]//button[@id="login-btn"]'.</msg>
<arg>${loginbtn_locator}</arg>
<doc>Clicks the button identified by ``locator``.</doc>
<status status="PASS" start="2026-03-29T10:38:30.489224" elapsed="0.046043"/>
</kw>
<arg>${user}[username]</arg>
<arg>${user}[password]</arg>
<status status="PASS" start="2026-03-29T10:38:30.275906" elapsed="0.259460"/>
</kw>
<kw name="Verify Login Successful">
<kw name="Wait Until Element Is Visible" owner="SeleniumLibrary">
<arg>id:greetingname-desktop</arg>
<arg>10s</arg>
<doc>Waits until the element ``locator`` is visible.</doc>
<status status="PASS" start="2026-03-29T10:38:30.535746" elapsed="1.064739"/>
</kw>
<kw name="Get Text" owner="SeleniumLibrary">
<msg time="2026-03-29T10:38:31.613833" level="INFO">${userInUI} = Karen Two</msg>
<var>${userInUI}</var>
<arg>id:greetingname-desktop</arg>
<doc>Returns the text value of the element identified by ``locator``.</doc>
<status status="PASS" start="2026-03-29T10:38:31.600646" elapsed="0.013226"/>
</kw>
<kw name="Should Be Equal" owner="BuiltIn">
<arg>${userInUI}</arg>
<arg>${user}[name]</arg>
<doc>Fails if the given objects are unequal.</doc>
<status status="PASS" start="2026-03-29T10:38:31.614013" elapsed="0.000408"/>
</kw>
<arg>${user}</arg>
<status status="PASS" start="2026-03-29T10:38:30.535513" elapsed="1.078966"/>
</kw>
<kw name="Close Browser" owner="SeleniumLibrary">
<doc>Closes the current browser.</doc>
<status status="PASS" start="2026-03-29T10:38:31.614553" elapsed="0.084172"/>
</kw>
<arg>${User1}</arg>
<status status="PASS" start="2026-03-29T10:38:27.576452" elapsed="4.122361"/>
</kw>
<kw name="LoginItinera">
<kw name="Open the url">
<kw name="Open Browser" owner="SeleniumLibrary">
<msg time="2026-03-29T10:38:31.699572" level="INFO">Opening browser 'headlesschrome' to base url 'about:blank'.</msg>
<arg>about:blank</arg>
<arg>${browser}</arg>
<arg>options=add_argument("--window-size=1920,1080")</arg>
<doc>Opens a new browser instance to the optional ``url``.</doc>
<status status="PASS" start="2026-03-29T10:38:31.699393" elapsed="0.791409"/>
</kw>
<kw name="Go To" owner="SeleniumLibrary">
<msg time="2026-03-29T10:38:32.491380" level="INFO">Opening url 'https://www.theitinera.app/LoginPage'</msg>
<arg>https://www.theitinera.app/LoginPage</arg>
<doc>Navigates the current browser window to the provided ``url``.</doc>
<status status="PASS" start="2026-03-29T10:38:32.491184" elapsed="1.294820"/>
</kw>
<status status="PASS" start="2026-03-29T10:38:31.699229" elapsed="2.086899"/>
</kw>
<kw name="LoginOnly">
<kw name="Wait Until Element Is Visible" owner="SeleniumLibrary">
<arg>${email_locator}</arg>
<arg>10s</arg>
<doc>Waits until the element ``locator`` is visible.</doc>
<status status="PASS" start="2026-03-29T10:38:33.786686" elapsed="0.013767"/>
</kw>
<kw name="Input Text" owner="SeleniumLibrary">
<msg time="2026-03-29T10:38:33.800782" level="INFO">Typing text 'karencadavos@gmail.com' into text field 'xpath=//div[@id="login-desktop"]//input[@id="email-input"]'.</msg>
<arg>${email_locator}</arg>
<arg>${username}</arg>
<doc>Types the given ``text`` into the text field identified by ``locator``.</doc>
<status status="PASS" start="2026-03-29T10:38:33.800583" elapsed="0.132418"/>
</kw>
<kw name="Wait Until Element Is Visible" owner="SeleniumLibrary">
<arg>${password_locator}</arg>
<arg>10s</arg>
<doc>Waits until the element ``locator`` is visible.</doc>
<status status="PASS" start="2026-03-29T10:38:33.933153" elapsed="0.011364"/>
</kw>
<kw name="Input Text" owner="SeleniumLibrary">
<msg time="2026-03-29T10:38:33.944828" level="INFO">Typing text '123' into text field 'xpath=//div[@id="login-desktop"]//input[@id="password-input"]'.</msg>
<arg>${password_locator}</arg>
<arg>${password}</arg>
<doc>Types the given ``text`` into the text field identified by ``locator``.</doc>
<status status="PASS" start="2026-03-29T10:38:33.944644" elapsed="0.040425"/>
</kw>
<kw name="Wait Until Element Is Enabled" owner="SeleniumLibrary">
<arg>${loginbtn_locator}</arg>
<arg>10s</arg>
<doc>Waits until the element ``locator`` is enabled.</doc>
<status status="PASS" start="2026-03-29T10:38:33.985212" elapsed="0.014145"/>
</kw>
<kw name="Click Button" owner="SeleniumLibrary">
<msg time="2026-03-29T10:38:33.999657" level="INFO">Clicking button 'xpath=//div[@id="login-desktop"]//button[@id="login-btn"]'.</msg>
<arg>${loginbtn_locator}</arg>
<doc>Clicks the button identified by ``locator``.</doc>
<status status="PASS" start="2026-03-29T10:38:33.999483" elapsed="0.044246"/>
</kw>
<arg>${user}[username]</arg>
<arg>${user}[password]</arg>
<status status="PASS" start="2026-03-29T10:38:33.786338" elapsed="0.257513"/>
</kw>
<kw name="Verify Login Successful">
<kw name="Wait Until Element Is Visible" owner="SeleniumLibrary">
<arg>id:greetingname-desktop</arg>
<arg>10s</arg>
<doc>Waits until the element ``locator`` is visible.</doc>
<status status="PASS" start="2026-03-29T10:38:34.044700" elapsed="1.078055"/>
</kw>
<kw name="Get Text" owner="SeleniumLibrary">
<msg time="2026-03-29T10:38:35.135120" level="INFO">${userInUI} = Karen Anne</msg>
<var>${userInUI}</var>
<arg>id:greetingname-desktop</arg>
<doc>Returns the text value of the element identified by ``locator``.</doc>
<status status="PASS" start="2026-03-29T10:38:35.122910" elapsed="0.012277"/>
</kw>
<kw name="Should Be Equal" owner="BuiltIn">
<arg>${userInUI}</arg>
<arg>${user}[name]</arg>
<doc>Fails if the given objects are unequal.</doc>
<status status="PASS" start="2026-03-29T10:38:35.135310" elapsed="0.000385"/>
</kw>
<arg>${user}</arg>
<status status="PASS" start="2026-03-29T10:38:34.044017" elapsed="1.091737"/>
</kw>
<kw name="Close Browser" owner="SeleniumLibrary">
<doc>Closes the current browser.</doc>
<status status="PASS" start="2026-03-29T10:38:35.135826" elapsed="0.082797"/>
</kw>
<arg>${User2}</arg>
<status status="PASS" start="2026-03-29T10:38:31.698984" elapsed="3.519725"/>
</kw>
<status status="PASS" start="2026-03-29T10:38:27.574471" elapsed="7.644374"/>
</test>
<doc>This is the test suite for Itinera Login functionality.</doc>
<status status="PASS" start="2026-03-29T10:38:27.399094" elapsed="7.820216"/>
</suite>
<status status="PASS" start="2026-03-29T10:38:27.368317" elapsed="7.851430"/>
</suite>
<statistics>
<total>
<stat pass="1" fail="0" skip="0">All Tests</stat>
</total>
<tag>
</tag>
<suite>
<stat name="ItineraTests" id="s1" pass="1" fail="0" skip="0">ItineraTests</stat>
<stat name="ItineraLogin" id="s1-s1" pass="1" fail="0" skip="0">ItineraTests.ItineraLogin</stat>
</suite>
</statistics>
<errors>
</errors>
</robot>
