<?xml version="1.0" encoding="UTF-8"?>
<robot generator="Robot 7.4.2 (Python 3.14.3 on darwin)" generated="2026-03-13T23:52:52.186370" rpa="false" schemaversion="5">
<suite id="s1" name="AutomationPlaygroundCRM" source="/Users/karen/RobotFramework_Demo1/tests/AutomationPlaygroundCRM.robot">
<kw name="Inserting Suite Test data" owner="common" type="SETUP">
<kw name="Log" owner="BuiltIn">
<msg time="2026-03-13T23:52:52.325181" level="INFO">Inserting Test Data</msg>
<arg>Inserting Test Data</arg>
<doc>Logs the given message with the given level.</doc>
<status status="PASS" start="2026-03-13T23:52:52.324982" elapsed="0.000247"/>
</kw>
<status status="PASS" start="2026-03-13T23:52:52.324478" elapsed="0.000826"/>
</kw>
<test id="s1-t1" name="User Can Login" line="19">
<kw name="Log" owner="BuiltIn">
<msg time="2026-03-13T23:52:52.325788" level="INFO">Test to Login starting</msg>
<arg>Test to Login starting</arg>
<doc>Logs the given message with the given level.</doc>
<status status="PASS" start="2026-03-13T23:52:52.325641" elapsed="0.000183"/>
</kw>
<kw name="Go To Homepage" owner="CRM">
<kw name="Navigate to" owner="Home">
<kw name="Open Browser" owner="SeleniumLibrary">
<msg time="2026-03-13T23:52:52.326465" level="INFO">Opening browser 'Chrome' to base url 'https://www.automationplayground.com/crm/'.</msg>
<arg>${URL}</arg>
<arg>${BROWSER}</arg>
<doc>Opens a new browser instance to the optional ``url``.</doc>
<status status="PASS" start="2026-03-13T23:52:52.326313" elapsed="2.289963"/>
</kw>
<status status="PASS" start="2026-03-13T23:52:52.326155" elapsed="2.290383"/>
</kw>
<kw name="Verify Page Loaded" owner="Home">
<kw name="Wait Until Page Contains" owner="SeleniumLibrary">
<arg>${HOME_HEADER_LABEL}</arg>
<doc>Waits until ``text`` appears on the current page.</doc>
<status status="PASS" start="2026-03-13T23:52:54.617151" elapsed="0.009051"/>
</kw>
<status status="PASS" start="2026-03-13T23:52:54.616848" elapsed="0.009435"/>
</kw>
<status status="PASS" start="2026-03-13T23:52:52.325973" elapsed="2.300351"/>
</kw>
<kw name="Sign in to CRM application" owner="CRM">
<kw name="Load SignIn" owner="Topnav">
<kw name="Click Link" owner="SeleniumLibrary">
<msg time="2026-03-13T23:52:54.627290" level="INFO">Clicking link 'Sign In'.</msg>
<arg>${TOPNAV_SIGNIN_LINK}</arg>
<doc>Clicks a link identified by ``locator``.</doc>
<status status="PASS" start="2026-03-13T23:52:54.626996" elapsed="0.249426"/>
</kw>
<status status="PASS" start="2026-03-13T23:52:54.626845" elapsed="0.249679"/>
</kw>
<kw name="Verify SignIn Page Loaded" owner="Topnav">
<kw name="Wait Until Page Contains" owner="SeleniumLibrary">
<arg>${SIGNIN_PAGE_HEADER_LABEL}</arg>
<doc>Waits until ``text`` appears on the current page.</doc>
<status status="PASS" start="2026-03-13T23:52:54.876910" elapsed="0.009748"/>
</kw>
<status status="PASS" start="2026-03-13T23:52:54.876688" elapsed="0.010150"/>
</kw>
<kw name="Enter Email" owner="SignInPage">
<kw name="Input Text" owner="SeleniumLibrary">
<msg time="2026-03-13T23:52:54.887462" level="INFO">Typing text 'admin@robotframeworktutorial.com' into text field 'id=email-id'.</msg>
<arg>id=email-id</arg>
<arg>${EMAIL}</arg>
<doc>Types the given ``text`` into the text field identified by ``locator``.</doc>
<status status="PASS" start="2026-03-13T23:52:54.887266" elapsed="0.132917"/>
</kw>
<arg>${USERNAME}</arg>
<status status="PASS" start="2026-03-13T23:52:54.887011" elapsed="0.133283"/>
</kw>
<kw name="Enter Password" owner="SignInPage">
<kw name="Input Text" owner="SeleniumLibrary">
<msg time="2026-03-13T23:52:55.020897" level="INFO">Typing text 'qwe' into text field 'id=password'.</msg>
<arg>id=password</arg>
<arg>${PASSWORD}</arg>
<doc>Types the given ``text`` into the text field identified by ``locator``.</doc>
<status status="PASS" start="2026-03-13T23:52:55.020718" elapsed="0.059040"/>
</kw>
<arg>${PASSWORD}</arg>
<status status="PASS" start="2026-03-13T23:52:55.020462" elapsed="0.059437"/>
</kw>
<kw name="Click &quot;Submit&quot; button" owner="SignInPage">
<kw name="Click Button" owner="SeleniumLibrary">
<msg time="2026-03-13T23:52:55.080569" level="INFO">Clicking button 'id=submit-id'.</msg>
<arg>${Submit_BUTTON}</arg>
<doc>Clicks the button identified by ``locator``.</doc>
<status status="PASS" start="2026-03-13T23:52:55.080388" elapsed="0.133894"/>
</kw>
<status status="PASS" start="2026-03-13T23:52:55.080114" elapsed="0.134301"/>
</kw>
<kw name="Verify SignIn" owner="CustomersList">
<kw name="Wait Until Page Contains" owner="SeleniumLibrary">
<arg>${CUSTOMERS_LIST_PAGE_HEADER_LABEL}</arg>
<doc>Waits until ``text`` appears on the current page.</doc>
<status status="PASS" start="2026-03-13T23:52:55.215392" elapsed="0.261912"/>
</kw>
<status status="PASS" start="2026-03-13T23:52:55.214792" elapsed="0.262617"/>
</kw>
<arg>${USERNAME}</arg>
<arg>${PASSWORD}</arg>
<status status="PASS" start="2026-03-13T23:52:54.626567" elapsed="0.850888"/>
</kw>
<doc>This test case verifies user can login successfully</doc>
<tag>Login</tag>
<tag>SmokeTest</tag>
<tag>TC1000</tag>
<status status="PASS" start="2026-03-13T23:52:52.325363" elapsed="3.152293"/>
</test>
<test id="s1-t2" name="User Can Logout" line="25">
<kw name="Log" owner="BuiltIn">
<msg time="2026-03-13T23:52:55.479425" level="INFO">Test to Login starting</msg>
<arg>Test to Login starting</arg>
<doc>Logs the given message with the given level.</doc>
<status status="PASS" start="2026-03-13T23:52:55.479074" elapsed="0.000397"/>
</kw>
<kw name="Go To Homepage" owner="CRM">
<kw name="Navigate to" owner="Home">
<kw name="Open Browser" owner="SeleniumLibrary">
<msg time="2026-03-13T23:52:55.480455" level="INFO">Opening browser 'Chrome' to base url 'https://www.automationplayground.com/crm/'.</msg>
<arg>${URL}</arg>
<arg>${BROWSER}</arg>
<doc>Opens a new browser instance to the optional ``url``.</doc>
<status status="PASS" start="2026-03-13T23:52:55.480121" elapsed="1.470665"/>
</kw>
<status status="PASS" start="2026-03-13T23:52:55.479905" elapsed="1.471099"/>
</kw>
<kw name="Verify Page Loaded" owner="Home">
<kw name="Wait Until Page Contains" owner="SeleniumLibrary">
<arg>${HOME_HEADER_LABEL}</arg>
<doc>Waits until ``text`` appears on the current page.</doc>
<status status="PASS" start="2026-03-13T23:52:56.951633" elapsed="0.009657"/>
</kw>
<status status="PASS" start="2026-03-13T23:52:56.951309" elapsed="0.010105"/>
</kw>
<status status="PASS" start="2026-03-13T23:52:55.479670" elapsed="1.481794"/>
</kw>
<kw name="Sign in to CRM application" owner="CRM">
<kw name="Load SignIn" owner="Topnav">
<kw name="Click Link" owner="SeleniumLibrary">
<msg time="2026-03-13T23:52:56.962563" level="INFO">Clicking link 'Sign In'.</msg>
<arg>${TOPNAV_SIGNIN_LINK}</arg>
<doc>Clicks a link identified by ``locator``.</doc>
<status status="PASS" start="2026-03-13T23:52:56.962361" elapsed="0.335908"/>
</kw>
<status status="PASS" start="2026-03-13T23:52:56.962192" elapsed="0.336173"/>
</kw>
<kw name="Verify SignIn Page Loaded" owner="Topnav">
<kw name="Wait Until Page Contains" owner="SeleniumLibrary">
<arg>${SIGNIN_PAGE_HEADER_LABEL}</arg>
<doc>Waits until ``text`` appears on the current page.</doc>
<status status="PASS" start="2026-03-13T23:52:57.298737" elapsed="0.007685"/>
</kw>
<status status="PASS" start="2026-03-13T23:52:57.298524" elapsed="0.007976"/>
</kw>
<kw name="Enter Email" owner="SignInPage">
<kw name="Input Text" owner="SeleniumLibrary">
<msg time="2026-03-13T23:52:57.307032" level="INFO">Typing text 'admin@robotframeworktutorial.com' into text field 'id=email-id'.</msg>
<arg>id=email-id</arg>
<arg>${EMAIL}</arg>
<doc>Types the given ``text`` into the text field identified by ``locator``.</doc>
<status status="PASS" start="2026-03-13T23:52:57.306861" elapsed="0.124753"/>
</kw>
<arg>${USERNAME}</arg>
<status status="PASS" start="2026-03-13T23:52:57.306633" elapsed="0.125084"/>
</kw>
<kw name="Enter Password" owner="SignInPage">
<kw name="Input Text" owner="SeleniumLibrary">
<msg time="2026-03-13T23:52:57.432318" level="INFO">Typing text 'qwe' into text field 'id=password'.</msg>
<arg>id=password</arg>
<arg>${PASSWORD}</arg>
<doc>Types the given ``text`` into the text field identified by ``locator``.</doc>
<status status="PASS" start="2026-03-13T23:52:57.432133" elapsed="0.051951"/>
</kw>
<arg>${PASSWORD}</arg>
<status status="PASS" start="2026-03-13T23:52:57.431880" elapsed="0.052358"/>
</kw>
<kw name="Click &quot;Submit&quot; button" owner="SignInPage">
<kw name="Click Button" owner="SeleniumLibrary">
<msg time="2026-03-13T23:52:57.484774" level="INFO">Clicking button 'id=submit-id'.</msg>
<arg>${Submit_BUTTON}</arg>
<doc>Clicks the button identified by ``locator``.</doc>
<status status="PASS" start="2026-03-13T23:52:57.484617" elapsed="0.047857"/>
</kw>
<status status="PASS" start="2026-03-13T23:52:57.484401" elapsed="0.048189"/>
</kw>
<kw name="Verify SignIn" owner="CustomersList">
<kw name="Wait Until Page Contains" owner="SeleniumLibrary">
<arg>${CUSTOMERS_LIST_PAGE_HEADER_LABEL}</arg>
<doc>Waits until ``text`` appears on the current page.</doc>
<status status="PASS" start="2026-03-13T23:52:57.533076" elapsed="0.294640"/>
</kw>
<status status="PASS" start="2026-03-13T23:52:57.532809" elapsed="0.295050"/>
</kw>
<arg>${USERNAME}</arg>
<arg>${PASSWORD}</arg>
<status status="PASS" start="2026-03-13T23:52:56.961771" elapsed="0.866141"/>
</kw>
<kw name="Sign out of CRM application" owner="CRM">
<kw name="LOad SignOut" owner="Topnav">
<kw name="Click Link" owner="SeleniumLibrary">
<msg time="2026-03-13T23:52:57.829825" level="INFO">Clicking link 'Sign Out'.</msg>
<arg>${TOPNAV_SIGNOUT_LINK}</arg>
<doc>Clicks a link identified by ``locator``.</doc>
<status status="PASS" start="2026-03-13T23:52:57.829618" elapsed="0.139443"/>
</kw>
<status status="PASS" start="2026-03-13T23:52:57.829333" elapsed="0.139824"/>
</kw>
<kw name="Verify SignOut Page Loaded" owner="LogOutPage">
<kw name="Wait Until Page Contains" owner="SeleniumLibrary">
<arg>${SIGNOUT_PAGE_HEADER_LABEL}</arg>
<doc>Waits until ``text`` appears on the current page.</doc>
<status status="PASS" start="2026-03-13T23:52:57.969530" elapsed="0.007933"/>
</kw>
<status status="PASS" start="2026-03-13T23:52:57.969315" elapsed="0.008217"/>
</kw>
<status status="PASS" start="2026-03-13T23:52:57.828999" elapsed="0.148571"/>
</kw>
<doc>This test case verifies user can login successfully</doc>
<tag>Login</tag>
<tag>SmokeTest</tag>
<tag>TC1000</tag>
<status status="PASS" start="2026-03-13T23:52:55.478108" elapsed="2.499606"/>
</test>
<test id="s1-t3" name="User Can Add Customer" line="33">
<kw name="Log" owner="BuiltIn">
<msg time="2026-03-13T23:52:57.978848" level="INFO">Test Case to add customer starting</msg>
<arg>Test Case to add customer starting</arg>
<doc>Logs the given message with the given level.</doc>
<status status="PASS" start="2026-03-13T23:52:57.978501" elapsed="0.000450"/>
</kw>
<kw name="Go To Homepage" owner="CRM">
<kw name="Navigate to" owner="Home">
<kw name="Open Browser" owner="SeleniumLibrary">
<msg time="2026-03-13T23:52:57.979632" level="INFO">Opening browser 'Chrome' to base url 'https://www.automationplayground.com/crm/'.</msg>
<arg>${URL}</arg>
<arg>${BROWSER}</arg>
<doc>Opens a new browser instance to the optional ``url``.</doc>
<status status="PASS" start="2026-03-13T23:52:57.979482" elapsed="1.427926"/>
</kw>
<status status="PASS" start="2026-03-13T23:52:57.979308" elapsed="1.428347"/>
</kw>
<kw name="Verify Page Loaded" owner="Home">
<kw name="Wait Until Page Contains" owner="SeleniumLibrary">
<arg>${HOME_HEADER_LABEL}</arg>
<doc>Waits until ``text`` appears on the current page.</doc>
<status status="PASS" start="2026-03-13T23:52:59.408435" elapsed="0.008150"/>
</kw>
<status status="PASS" start="2026-03-13T23:52:59.408019" elapsed="0.008641"/>
</kw>
<status status="PASS" start="2026-03-13T23:52:57.979121" elapsed="1.437581"/>
</kw>
<kw name="Sign in to CRM application" owner="CRM">
<kw name="Load SignIn" owner="Topnav">
<kw name="Click Link" owner="SeleniumLibrary">
<msg time="2026-03-13T23:52:59.417529" level="INFO">Clicking link 'Sign In'.</msg>
<arg>${TOPNAV_SIGNIN_LINK}</arg>
<doc>Clicks a link identified by ``locator``.</doc>
<status status="PASS" start="2026-03-13T23:52:59.417358" elapsed="0.346260"/>
</kw>
<status status="PASS" start="2026-03-13T23:52:59.417205" elapsed="0.346515"/>
</kw>
<kw name="Verify SignIn Page Loaded" owner="Topnav">
<kw name="Wait Until Page Contains" owner="SeleniumLibrary">
<arg>${SIGNIN_PAGE_HEADER_LABEL}</arg>
<doc>Waits until ``text`` appears on the current page.</doc>
<status status="PASS" start="2026-03-13T23:52:59.764099" elapsed="0.007542"/>
</kw>
<status status="PASS" start="2026-03-13T23:52:59.763882" elapsed="0.007829"/>
</kw>
<kw name="Enter Email" owner="SignInPage">
<kw name="Input Text" owner="SeleniumLibrary">
<msg time="2026-03-13T23:52:59.772253" level="INFO">Typing text 'admin@robotframeworktutorial.com' into text field 'id=email-id'.</msg>
<arg>id=email-id</arg>
<arg>${EMAIL}</arg>
<doc>Types the given ``text`` into the text field identified by ``locator``.</doc>
<status status="PASS" start="2026-03-13T23:52:59.772085" elapsed="0.137430"/>
</kw>
<arg>${USERNAME}</arg>
<status status="PASS" start="2026-03-13T23:52:59.771842" elapsed="0.137775"/>
</kw>
<kw name="Enter Password" owner="SignInPage">
<kw name="Input Text" owner="SeleniumLibrary">
<msg time="2026-03-13T23:52:59.910203" level="INFO">Typing text 'qwe' into text field 'id=password'.</msg>
<arg>id=password</arg>
<arg>${PASSWORD}</arg>
<doc>Types the given ``text`` into the text field identified by ``locator``.</doc>
<status status="PASS" start="2026-03-13T23:52:59.910039" elapsed="0.045205"/>
</kw>
<arg>${PASSWORD}</arg>
<status status="PASS" start="2026-03-13T23:52:59.909781" elapsed="0.045557"/>
</kw>
<kw name="Click &quot;Submit&quot; button" owner="SignInPage">
<kw name="Click Button" owner="SeleniumLibrary">
<msg time="2026-03-13T23:52:59.955849" level="INFO">Clicking button 'id=submit-id'.</msg>
<arg>${Submit_BUTTON}</arg>
<doc>Clicks the button identified by ``locator``.</doc>
<status status="PASS" start="2026-03-13T23:52:59.955697" elapsed="0.047785"/>
</kw>
<status status="PASS" start="2026-03-13T23:52:59.955486" elapsed="0.048094"/>
</kw>
<kw name="Verify SignIn" owner="CustomersList">
<kw name="Wait Until Page Contains" owner="SeleniumLibrary">
<arg>${CUSTOMERS_LIST_PAGE_HEADER_LABEL}</arg>
<doc>Waits until ``text`` appears on the current page.</doc>
<status status="PASS" start="2026-03-13T23:53:00.003938" elapsed="0.353689"/>
</kw>
<status status="PASS" start="2026-03-13T23:53:00.003731" elapsed="0.354035"/>
</kw>
<arg>${USERNAME}</arg>
<arg>${PASSWORD}</arg>
<status status="PASS" start="2026-03-13T23:52:59.416934" elapsed="0.940878"/>
</kw>
<kw name="Add New Customer" owner="CRM">
<kw name="Load Add Customer" owner="CustomersList">
<kw name="Click Link" owner="SeleniumLibrary">
<msg time="2026-03-13T23:53:00.358730" level="INFO">Clicking link 'New Customer'.</msg>
<arg>${ADD_CUSTOMER_LINK}</arg>
<doc>Clicks a link identified by ``locator``.</doc>
<status status="PASS" start="2026-03-13T23:53:00.358568" elapsed="0.306246"/>
</kw>
<status status="PASS" start="2026-03-13T23:53:00.358397" elapsed="0.306528"/>
</kw>
<kw name="Verify Page Loaded" owner="Customer">
<kw name="Wait Until Page Contains" owner="SeleniumLibrary">
<arg>Add Customer</arg>
<doc>Waits until ``text`` appears on the current page.</doc>
<status status="PASS" start="2026-03-13T23:53:00.665298" elapsed="0.007362"/>
</kw>
<status status="PASS" start="2026-03-13T23:53:00.665082" elapsed="0.007650"/>
</kw>
<kw name="Enter &quot;Email&quot; Field" owner="Customer">
<kw name="Input Text" owner="SeleniumLibrary">
<msg time="2026-03-13T23:53:00.673234" level="INFO">Typing text 'karen@gmail.com' into text field 'id=EmailAddress'.</msg>
<arg>id=EmailAddress</arg>
<arg>${CUSTOMERINFO}[0]</arg>
<doc>Types the given ``text`` into the text field identified by ``locator``.</doc>
<status status="PASS" start="2026-03-13T23:53:00.673066" elapsed="0.041805"/>
</kw>
<status status="PASS" start="2026-03-13T23:53:00.672881" elapsed="0.042080"/>
</kw>
<kw name="Enter &quot;First Name&quot; Field" owner="Customer">
<kw name="Input Text" owner="SeleniumLibrary">
<msg time="2026-03-13T23:53:00.715489" level="INFO">Typing text 'karen' into text field 'id=FirstName'.</msg>
<arg>id=FirstName</arg>
<arg>${CUSTOMERINFO}[1]</arg>
<doc>Types the given ``text`` into the text field identified by ``locator``.</doc>
<status status="PASS" start="2026-03-13T23:53:00.715311" elapsed="0.044668"/>
</kw>
<status status="PASS" start="2026-03-13T23:53:00.715107" elapsed="0.045005"/>
</kw>
<kw name="Enter &quot;Last Name&quot; field" owner="Customer">
<kw name="Input Text" owner="SeleniumLibrary">
<msg time="2026-03-13T23:53:00.760634" level="INFO">Typing text 'Cadavos' into text field 'id=LastName'.</msg>
<arg>id=LastName</arg>
<arg>${CUSTOMERINFO}[2]</arg>
<doc>Types the given ``text`` into the text field identified by ``locator``.</doc>
<status status="PASS" start="2026-03-13T23:53:00.760462" elapsed="0.040434"/>
</kw>
<status status="PASS" start="2026-03-13T23:53:00.760258" elapsed="0.040730"/>
</kw>
<kw name="Enter &quot;City&quot; field" owner="Customer">
<kw name="Input Text" owner="SeleniumLibrary">
<msg time="2026-03-13T23:53:00.801494" level="INFO">Typing text 'Maynila' into text field 'id=City'.</msg>
<arg>id=City</arg>
<arg>${CUSTOMERINFO}[3]</arg>
<doc>Types the given ``text`` into the text field identified by ``locator``.</doc>
<status status="PASS" start="2026-03-13T23:53:00.801330" elapsed="0.039564"/>
</kw>
<status status="PASS" start="2026-03-13T23:53:00.801131" elapsed="0.039852"/>
</kw>
<kw name="Select &quot;State&quot; from dropdown" owner="Customer">
<kw name="Select From List By Value" owner="SeleniumLibrary">
<msg time="2026-03-13T23:53:00.841521" level="INFO">Selecting options from selection list 'id=StateOrRegion' by value CA.</msg>
<arg>id=StateOrRegion</arg>
<arg>${CUSTOMERINFO}[4]</arg>
<doc>Selects options from selection list ``locator`` by ``values``.</doc>
<status status="PASS" start="2026-03-13T23:53:00.841345" elapsed="0.045109"/>
</kw>
<status status="PASS" start="2026-03-13T23:53:00.841132" elapsed="0.045421"/>
</kw>
<kw name="Select &quot;Gender&quot; radio button" owner="Customer">
<kw name="Select Radio Button" owner="SeleniumLibrary">
<msg time="2026-03-13T23:53:00.887043" level="INFO">Selecting 'female' from radio button 'gender'.</msg>
<arg>gender</arg>
<arg>${CUSTOMERINFO}[5]</arg>
<doc>Sets the radio button group ``group_name`` to ``value``.</doc>
<status status="PASS" start="2026-03-13T23:53:00.886913" elapsed="0.042649"/>
</kw>
<status status="PASS" start="2026-03-13T23:53:00.886704" elapsed="0.042973"/>
</kw>
<kw name=" Check &quot;promo&quot; checkbox" owner="Customer">
<kw name="Select Checkbox" owner="SeleniumLibrary">
<msg time="2026-03-13T23:53:00.930381" level="INFO">Selecting checkbox 'promos-name'.</msg>
<arg>promos-name</arg>
<doc>Selects the checkbox identified by ``locator``.</doc>
<status status="PASS" start="2026-03-13T23:53:00.930201" elapsed="0.042584"/>
</kw>
<status status="PASS" start="2026-03-13T23:53:00.929882" elapsed="0.043005"/>
</kw>
<kw name="Submit New Customer" owner="Customer">
<kw name="Click Button" owner="SeleniumLibrary">
<msg time="2026-03-13T23:53:00.973385" level="INFO">Clicking button 'Submit'.</msg>
<arg>Submit</arg>
<doc>Clicks the button identified by ``locator``.</doc>
<status status="PASS" start="2026-03-13T23:53:00.973253" elapsed="0.159884"/>
</kw>
<status status="PASS" start="2026-03-13T23:53:00.973045" elapsed="0.160194"/>
</kw>
<kw name="Verify Customer Added Successfully" owner="CustomersList">
<kw name="Wait Until Page Contains" owner="SeleniumLibrary">
<arg>${CUSTOMER_ADDED_SUCCESS_LABEL}</arg>
<doc>Waits until ``text`` appears on the current page.</doc>
<status status="PASS" start="2026-03-13T23:53:01.133611" elapsed="0.007528"/>
</kw>
<status status="PASS" start="2026-03-13T23:53:01.133402" elapsed="0.007818"/>
</kw>
<arg>@{CUSTOMERINFO}</arg>
<status status="PASS" start="2026-03-13T23:53:00.358095" elapsed="0.783165"/>
</kw>
<kw name="Sign out of CRM application" owner="CRM">
<kw name="LOad SignOut" owner="Topnav">
<kw name="Click Link" owner="SeleniumLibrary">
<msg time="2026-03-13T23:53:01.141982" level="INFO">Clicking link 'Sign Out'.</msg>
<arg>${TOPNAV_SIGNOUT_LINK}</arg>
<doc>Clicks a link identified by ``locator``.</doc>
<status status="PASS" start="2026-03-13T23:53:01.141841" elapsed="0.140869"/>
</kw>
<status status="PASS" start="2026-03-13T23:53:01.141691" elapsed="0.141115"/>
</kw>
<kw name="Verify SignOut Page Loaded" owner="LogOutPage">
<kw name="Wait Until Page Contains" owner="SeleniumLibrary">
<arg>${SIGNOUT_PAGE_HEADER_LABEL}</arg>
<doc>Waits until ``text`` appears on the current page.</doc>
<status status="PASS" start="2026-03-13T23:53:01.283169" elapsed="0.007272"/>
</kw>
<status status="PASS" start="2026-03-13T23:53:01.282959" elapsed="0.007557"/>
</kw>
<status status="PASS" start="2026-03-13T23:53:01.141455" elapsed="0.149097"/>
</kw>
<doc>This test case verifies that a user can add a Customer</doc>
<tag>AddCustomer</tag>
<tag>SmokeTest</tag>
<tag>TC1002</tag>
<status status="PASS" start="2026-03-13T23:52:57.977962" elapsed="3.312719"/>
</test>
<kw name="Remove Suite Test data" owner="common" type="TEARDOWN">
<kw name="Log" owner="BuiltIn">
<msg time="2026-03-13T23:53:01.291617" level="INFO">Removing Test Data - cleanup</msg>
<arg>Removing Test Data - cleanup</arg>
<doc>Logs the given message with the given level.</doc>
<status status="PASS" start="2026-03-13T23:53:01.291358" elapsed="0.000295"/>
</kw>
<status status="PASS" start="2026-03-13T23:53:01.291207" elapsed="0.000490"/>
</kw>
<doc>This is the test suite for CRM application.</doc>
<status status="PASS" start="2026-03-13T23:52:52.187277" elapsed="9.104444"/>
</suite>
<statistics>
<total>
<stat pass="3" fail="0" skip="0">All Tests</stat>
</total>
<tag>
<stat pass="1" fail="0" skip="0">AddCustomer</stat>
<stat pass="2" fail="0" skip="0">Login</stat>
<stat pass="3" fail="0" skip="0">SmokeTest</stat>
<stat pass="2" fail="0" skip="0">TC1000</stat>
<stat pass="1" fail="0" skip="0">TC1002</stat>
</tag>
<suite>
<stat name="AutomationPlaygroundCRM" id="s1" pass="3" fail="0" skip="0">AutomationPlaygroundCRM</stat>
</suite>
</statistics>
<errors>
</errors>
</robot>
