<?xml version="1.0" encoding="UTF-8"?>
<robot generator="Robot 7.4.2 (Python 3.14.3 on darwin)" generated="2026-03-11T21:37:38.296903" rpa="false" schemaversion="5">
<suite id="s1" name="AutomationPlaygroundCRM" source="/Users/karen/RobotFramework_Demo1/tests/AutomationPlaygroundCRM.robot">
<test id="s1-t1" name="Should Be able to Add Customer" line="8">
<kw name="Log" owner="BuiltIn">
<msg time="2026-03-11T21:37:38.383476" level="INFO">Test Case to add customer starting</msg>
<arg>Test Case to add customer starting</arg>
<doc>Logs the given message with the given level.</doc>
<status status="PASS" start="2026-03-11T21:37:38.383337" elapsed="0.000171"/>
</kw>
<kw name="Open Browser" owner="SeleniumLibrary">
<msg time="2026-03-11T21:37:38.383702" level="INFO">Opening browser 'Chrome' to base url 'https://www.automationplayground.com/crm/'.</msg>
<arg>https://www.automationplayground.com/crm/</arg>
<arg>Chrome</arg>
<doc>Opens a new browser instance to the optional ``url``.</doc>
<status status="PASS" start="2026-03-11T21:37:38.383621" elapsed="2.526639"/>
</kw>
<kw name="Maximize Browser Window" owner="SeleniumLibrary">
<doc>Maximizes current browser window.</doc>
<status status="PASS" start="2026-03-11T21:37:40.910764" elapsed="0.336749"/>
</kw>
<kw name="Set Selenium Speed" owner="SeleniumLibrary">
<arg>.2s</arg>
<doc>Sets the delay that is waited after each Selenium command.</doc>
<status status="PASS" start="2026-03-11T21:37:41.247710" elapsed="0.000282"/>
</kw>
<kw name="Set Selenium Timeout" owner="SeleniumLibrary">
<arg>10s</arg>
<doc>Sets the timeout that is used by various keywords.</doc>
<status status="PASS" start="2026-03-11T21:37:41.248095" elapsed="0.205748"/>
</kw>
<kw name="Page Should Contain" owner="SeleniumLibrary">
<msg time="2026-03-11T21:37:41.889697" level="INFO">Current page contains text 'Customers Are Priority One!'.</msg>
<arg>Customers Are Priority One!</arg>
<doc>Verifies that current page contains ``text``.</doc>
<status status="PASS" start="2026-03-11T21:37:41.454186" elapsed="0.435999"/>
</kw>
<kw name="Click Link" owner="SeleniumLibrary">
<msg time="2026-03-11T21:37:41.892314" level="INFO">Clicking link 'Sign In'.</msg>
<arg>Sign In</arg>
<doc>Clicks a link identified by ``locator``.</doc>
<status status="PASS" start="2026-03-11T21:37:41.890961" elapsed="0.838459"/>
</kw>
<kw name="Page Should Contain" owner="SeleniumLibrary">
<msg time="2026-03-11T21:37:43.154955" level="INFO">Current page contains text 'Login'.</msg>
<arg>Login</arg>
<doc>Verifies that current page contains ``text``.</doc>
<status status="PASS" start="2026-03-11T21:37:42.730181" elapsed="0.425342"/>
</kw>
<kw name="Input Text" owner="SeleniumLibrary">
<msg time="2026-03-11T21:37:43.157506" level="INFO">Typing text 'admin@robotframeworktutorial.com' into text field 'id=email-id'.</msg>
<arg>id=email-id</arg>
<arg>admin@robotframeworktutorial.com</arg>
<doc>Types the given ``text`` into the text field identified by ``locator``.</doc>
<status status="PASS" start="2026-03-11T21:37:43.156483" elapsed="0.782493"/>
</kw>
<kw name="Input Text" owner="SeleniumLibrary">
<msg time="2026-03-11T21:37:43.939597" level="INFO">Typing text 'qwe' into text field 'id=password'.</msg>
<arg>id=password</arg>
<arg>qwe</arg>
<doc>Types the given ``text`` into the text field identified by ``locator``.</doc>
<status status="PASS" start="2026-03-11T21:37:43.939370" elapsed="0.678188"/>
</kw>
<kw name="Click Button" owner="SeleniumLibrary">
<msg time="2026-03-11T21:37:44.619456" level="INFO">Clicking button 'id=submit-id'.</msg>
<arg>id=submit-id</arg>
<doc>Clicks the button identified by ``locator``.</doc>
<status status="PASS" start="2026-03-11T21:37:44.618559" elapsed="1.516250"/>
</kw>
<kw name="Page Should Contain" owner="SeleniumLibrary">
<msg time="2026-03-11T21:37:46.571439" level="INFO">Current page contains text 'Our Happy Customers'.</msg>
<arg>Our Happy Customers</arg>
<doc>Verifies that current page contains ``text``.</doc>
<status status="PASS" start="2026-03-11T21:37:46.135519" elapsed="0.436375"/>
</kw>
<kw name="Click Link" owner="SeleniumLibrary">
<msg time="2026-03-11T21:37:46.573416" level="INFO">Clicking link 'New Customer'.</msg>
<arg>New Customer</arg>
<doc>Clicks a link identified by ``locator``.</doc>
<status status="PASS" start="2026-03-11T21:37:46.572691" elapsed="0.984776"/>
</kw>
<kw name="Page Should Contain" owner="SeleniumLibrary">
<msg time="2026-03-11T21:37:47.985871" level="INFO">Current page contains text 'Add Customer'.</msg>
<arg>Add Customer</arg>
<doc>Verifies that current page contains ``text``.</doc>
<status status="PASS" start="2026-03-11T21:37:47.558463" elapsed="0.427849"/>
</kw>
<kw name="Input Text" owner="SeleniumLibrary">
<msg time="2026-03-11T21:37:47.987697" level="INFO">Typing text 'karen@gmail.com' into text field 'id=EmailAddress'.</msg>
<arg>id=EmailAddress</arg>
<arg>karen@gmail.com</arg>
<doc>Types the given ``text`` into the text field identified by ``locator``.</doc>
<status status="PASS" start="2026-03-11T21:37:47.987062" elapsed="0.690313"/>
</kw>
<kw name="Input Text" owner="SeleniumLibrary">
<msg time="2026-03-11T21:37:48.679242" level="INFO">Typing text 'Karen' into text field 'id=FirstName'.</msg>
<arg>id=FirstName</arg>
<arg>Karen</arg>
<doc>Types the given ``text`` into the text field identified by ``locator``.</doc>
<status status="PASS" start="2026-03-11T21:37:48.678332" elapsed="0.693915"/>
</kw>
<kw name="Input Text" owner="SeleniumLibrary">
<msg time="2026-03-11T21:37:49.374083" level="INFO">Typing text 'Carter' into text field 'id=LastName'.</msg>
<arg>id=LastName</arg>
<arg>Carter</arg>
<doc>Types the given ``text`` into the text field identified by ``locator``.</doc>
<status status="PASS" start="2026-03-11T21:37:49.373229" elapsed="0.683602"/>
</kw>
<kw name="Input Text" owner="SeleniumLibrary">
<msg time="2026-03-11T21:37:50.058791" level="INFO">Typing text 'Maynila' into text field 'id=City'.</msg>
<arg>id=City</arg>
<arg>Maynila</arg>
<doc>Types the given ``text`` into the text field identified by ``locator``.</doc>
<status status="PASS" start="2026-03-11T21:37:50.058067" elapsed="0.688131"/>
</kw>
<kw name="Select From List By Value" owner="SeleniumLibrary">
<msg time="2026-03-11T21:37:50.748083" level="INFO">Selecting options from selection list 'id=StateOrRegion' by value CA.</msg>
<arg>id=StateOrRegion</arg>
<arg>CA</arg>
<doc>Selects options from selection list ``locator`` by ``values``.</doc>
<status status="PASS" start="2026-03-11T21:37:50.747165" elapsed="1.716228"/>
</kw>
<kw name="Select Radio Button" owner="SeleniumLibrary">
<msg time="2026-03-11T21:37:52.480479" level="INFO">Selecting 'male' from radio button 'gender'.</msg>
<arg>gender</arg>
<arg>male</arg>
<doc>Sets the radio button group ``group_name`` to ``value``.</doc>
<status status="PASS" start="2026-03-11T21:37:52.464826" elapsed="0.658348"/>
</kw>
<kw name="Select Checkbox" owner="SeleniumLibrary">
<msg time="2026-03-11T21:37:53.124693" level="INFO">Selecting checkbox 'promos-name'.</msg>
<arg>promos-name</arg>
<doc>Selects the checkbox identified by ``locator``.</doc>
<status status="PASS" start="2026-03-11T21:37:53.123906" elapsed="0.881481"/>
</kw>
<kw name="Click Button" owner="SeleniumLibrary">
<msg time="2026-03-11T21:37:54.006729" level="INFO">Clicking button 'Submit'.</msg>
<arg>Submit</arg>
<doc>Clicks the button identified by ``locator``.</doc>
<status status="PASS" start="2026-03-11T21:37:54.006113" elapsed="0.970707"/>
</kw>
<kw name="Wait Until Page Contains" owner="SeleniumLibrary">
<arg>Success! New customer added.</arg>
<doc>Waits until ``text`` appears on the current page.</doc>
<status status="PASS" start="2026-03-11T21:37:54.977764" elapsed="0.224655"/>
</kw>
<kw name="Sleep" owner="BuiltIn">
<msg time="2026-03-11T21:37:58.207388" level="INFO">Slept 3 seconds.</msg>
<arg>3s</arg>
<doc>Pauses the test executed for the given time.</doc>
<status status="PASS" start="2026-03-11T21:37:55.203477" elapsed="3.004095"/>
</kw>
<kw name="Close Browser" owner="SeleniumLibrary">
<doc>Closes the current browser.</doc>
<status status="PASS" start="2026-03-11T21:37:58.207861" elapsed="0.277863"/>
</kw>
<doc>This test case verifies that a user can add a Customer</doc>
<tag>AddCustomer</tag>
<tag>SmokeTest</tag>
<tag>TC1001</tag>
<status status="PASS" start="2026-03-11T21:37:38.382836" elapsed="20.104170"/>
</test>
<doc>This is the test suite for CRM application.</doc>
<status status="PASS" start="2026-03-11T21:37:38.297639" elapsed="20.190619"/>
</suite>
<statistics>
<total>
<stat pass="1" fail="0" skip="0">All Tests</stat>
</total>
<tag>
<stat pass="1" fail="0" skip="0">AddCustomer</stat>
<stat pass="1" fail="0" skip="0">SmokeTest</stat>
<stat pass="1" fail="0" skip="0">TC1001</stat>
</tag>
<suite>
<stat name="AutomationPlaygroundCRM" id="s1" pass="1" fail="0" skip="0">AutomationPlaygroundCRM</stat>
</suite>
</statistics>
<errors>
</errors>
</robot>
