<?xml version="1.0" encoding="UTF-8"?>
<robot generator="Robot 7.4.2 (Python 3.14.3 on darwin)" generated="2026-03-29T10:41:58.554303" rpa="false" schemaversion="5">
<suite id="s1" name="ItineraTests" source="/Users/karen/RobotFramework_Demo1/automation/ItineraTests">
<suite id="s1-s1" name="API ItineraLogin" source="/Users/karen/RobotFramework_Demo1/automation/ItineraTests/API_ItineraLogin.robot">
<test id="s1-s1-t1" name="Login Test" line="12">
<kw name="Get Token">
<kw name="Create Dictionary" owner="BuiltIn">
<msg time="2026-03-29T10:41:58.711593" level="INFO">&amp;{req_body} = { email=karencadavos@gmail.com | password=123 }</msg>
<var>&amp;{req_body}</var>
<arg>email=${USERNAME}</arg>
<arg>password=${PASSWORD}</arg>
<doc>Creates and returns a dictionary based on the given ``items``.</doc>
<status status="PASS" start="2026-03-29T10:41:58.711176" elapsed="0.000452"/>
</kw>
<kw name="POST" owner="RequestsLibrary">
<msg time="2026-03-29T10:42:00.094602" level="INFO">POST Request : url=https://itineraioapi-ebdthgaebndcddam.westus2-01.azurewebsites.net/User/Login 
 path_url=/User/Login 
 headers={'User-Agent': 'python-requests/2.33.0', 'Accept-Encoding': 'gzip, deflate, zstd', 'Accept': '*/*', 'Connection': 'keep-alive', 'Content-Length': '54', 'Content-Type': 'application/json'} 
 body=b'{"email": "karencadavos@gmail.com", "password": "123"}' 
 </msg>
<msg time="2026-03-29T10:42:00.094709" level="INFO">POST Response : url=https://itineraioapi-ebdthgaebndcddam.westus2-01.azurewebsites.net/User/Login 
 status=200, reason=OK 
 headers={'Content-Type': 'application/json; charset=utf-8', 'Date': 'Sun, 29 Mar 2026 17:42:00 GMT', 'Server': 'Microsoft-IIS/10.0', 'Content-Encoding': 'gzip', 'Set-Cookie': 'ARRAffinity=22a7daa836b64a8ce56c907737553d08297ff2e76cd06a1f52c29956b9a85c17;Path=/;HttpOnly;Secure;Domain=itineraioapi-ebdthgaebndcddam.westus2-01.azurewebsites.net, ARRAffinitySameSite=22a7daa836b64a8ce56c907737553d08297ff2e76cd06a1f52c29956b9a85c17;Path=/;HttpOnly;SameSite=None;Secure;Domain=itineraioapi-ebdthgaebndcddam.westus2-01.azurewebsites.net', 'Transfer-Encoding': 'chunked', 'Vary': 'Accept-Encoding', 'X-Powered-By': 'ASP.NET'} 
 body={"token":"eyJhbGciOiJIUzI1NiIsInR5cCI6IkpXVCJ9.eyJleHAiOjE3NzQ4MDk3MjAsImlzcyI6Imh0dHBzOi8vaXRpbmVyYWlvYXBpLWNxYXBnc2djYnNjaGM3aHUud2VzdHVzLTAxLmF6dXJld2Vic2l0ZXMubmV0LyIsImF1ZCI6Imh0dHBzOi8vaXRpbmVyYWlvYXBpLWNxYXBnc2djYnNjaGM3aHUud2VzdHVzLTAxLmF6dXJld2Vic2l0ZXMubmV0LyJ9.lrZhwd5q65AiWaFVcqU69sk2_SHDbcbi_PFJLcs5zVU"} 
 </msg>
<msg time="2026-03-29T10:42:00.094840" level="INFO">${response} = &lt;Response [200]&gt;</msg>
<var>${response}</var>
<arg>${BASE_URL}${LoginEndpoint}</arg>
<arg>json=&amp;{req_body}</arg>
<arg>expected_status=200</arg>
<doc>Sends a POST request.</doc>
<status status="PASS" start="2026-03-29T10:41:58.711734" elapsed="1.383133"/>
</kw>
<kw name="Should Not Be Empty" owner="BuiltIn">
<msg time="2026-03-29T10:42:00.095695" level="INFO">Length is 1.</msg>
<arg>${response.json()}</arg>
<doc>Verifies that the given item is not empty.</doc>
<status status="PASS" start="2026-03-29T10:42:00.094998" elapsed="0.000733"/>
</kw>
<arg>${USERNAME}</arg>
<arg>${PASSWORD}</arg>
<status status="PASS" start="2026-03-29T10:41:58.710671" elapsed="1.385117"/>
</kw>
<status status="PASS" start="2026-03-29T10:41:58.710163" elapsed="1.385710"/>
</test>
<test id="s1-s1-t2" name="User Info" line="15">
<kw name="Get User Name">
<kw name="GET" owner="RequestsLibrary">
<msg time="2026-03-29T10:42:00.425547" level="INFO">GET Request : url=https://itineraioapi-ebdthgaebndcddam.westus2-01.azurewebsites.net/User/GetUserInfoByEmail/karencadavos@gmail.com 
 path_url=/User/GetUserInfoByEmail/karencadavos@gmail.com 
 headers={'User-Agent': 'python-requests/2.33.0', 'Accept-Encoding': 'gzip, deflate, zstd', 'Accept': '*/*', 'Connection': 'keep-alive'} 
 body=None 
 </msg>
<msg time="2026-03-29T10:42:00.425634" level="INFO">GET Response : url=https://itineraioapi-ebdthgaebndcddam.westus2-01.azurewebsites.net/User/GetUserInfoByEmail/karencadavos@gmail.com 
 status=200, reason=OK 
 headers={'Content-Type': 'application/json; charset=utf-8', 'Date': 'Sun, 29 Mar 2026 17:42:00 GMT', 'Server': 'Microsoft-IIS/10.0', 'Content-Encoding': 'gzip', 'Set-Cookie': 'ARRAffinity=22a7daa836b64a8ce56c907737553d08297ff2e76cd06a1f52c29956b9a85c17;Path=/;HttpOnly;Secure;Domain=itineraioapi-ebdthgaebndcddam.westus2-01.azurewebsites.net, ARRAffinitySameSite=22a7daa836b64a8ce56c907737553d08297ff2e76cd06a1f52c29956b9a85c17;Path=/;HttpOnly;SameSite=None;Secure;Domain=itineraioapi-ebdthgaebndcddam.westus2-01.azurewebsites.net', 'Transfer-Encoding': 'chunked', 'Vary': 'Accept-Encoding', 'X-Powered-By': 'ASP.NET'} 
 body={"id":1,"email":"karencadavos@gmail.com","name":"Karen Anne"} 
 </msg>
<msg time="2026-03-29T10:42:00.425777" level="INFO">${response} = &lt;Response [200]&gt;</msg>
<var>${response}</var>
<arg>${BASE_URL}User/GetUserInfoByEmail/${USERNAME}</arg>
<arg>expected_status=200</arg>
<doc>Sends a GET request.</doc>
<status status="PASS" start="2026-03-29T10:42:00.096474" elapsed="0.329322"/>
</kw>
<kw name="Set Variable" owner="BuiltIn">
<msg time="2026-03-29T10:42:00.426745" level="INFO">${data} = {'id': 1, 'email': 'karencadavos@gmail.com', 'name': 'Karen Anne'}</msg>
<var>${data}</var>
<arg>${response.json()}</arg>
<doc>Returns the given values which can then be assigned to a variables.</doc>
<status status="PASS" start="2026-03-29T10:42:00.425978" elapsed="0.000842"/>
</kw>
<return>
<value>${data}[name]</value>
<status status="PASS" start="2026-03-29T10:42:00.426896" elapsed="0.000048"/>
</return>
<msg time="2026-03-29T10:42:00.427309" level="INFO">${namefromAPI} = Karen Anne</msg>
<var>${namefromAPI}</var>
<arg>${USERNAME}</arg>
<status status="PASS" start="2026-03-29T10:42:00.096287" elapsed="0.331045"/>
</kw>
<kw name="Log To Console" owner="BuiltIn">
<arg>${namefromAPI}</arg>
<doc>Logs the given message to the console.</doc>
<status status="PASS" start="2026-03-29T10:42:00.427786" elapsed="0.000718"/>
</kw>
<kw name="Compare API And UI Value">
<kw name="Should Be Equal" owner="BuiltIn">
<arg>${api_value}</arg>
<arg>${ui_value}</arg>
<doc>Fails if the given objects are unequal.</doc>
<status status="PASS" start="2026-03-29T10:42:00.428867" elapsed="0.000232"/>
</kw>
<arg>${namefromAPI}</arg>
<arg>Karen Anne</arg>
<status status="PASS" start="2026-03-29T10:42:00.428642" elapsed="0.000500"/>
</kw>
<status status="PASS" start="2026-03-29T10:42:00.096015" elapsed="0.333200"/>
</test>
<status status="PASS" start="2026-03-29T10:41:58.596666" elapsed="1.832830"/>
</suite>
<status status="PASS" start="2026-03-29T10:41:58.556627" elapsed="1.873408"/>
</suite>
<statistics>
<total>
<stat pass="2" fail="0" skip="0">All Tests</stat>
</total>
<tag>
</tag>
<suite>
<stat name="ItineraTests" id="s1" pass="2" fail="0" skip="0">ItineraTests</stat>
<stat name="API ItineraLogin" id="s1-s1" pass="2" fail="0" skip="0">ItineraTests.API ItineraLogin</stat>
</suite>
</statistics>
<errors>
</errors>
</robot>
